<?xml version="1.0" encoding="UTF-8"?>
<!-- Generated by org.testng.reporters.JUnitXMLReporter -->
<testsuite hostname="zurich" name="ReportNG" tests="13" failures="0" timestamp="9 Mar 2012 19:47:19 GMT" time="1.207" errors="0">
  <testcase name="@AfterMethod sleepAfter" time="0.0" classname="org.uncommons.reportng.ChronologyTest">
    <failure type="java.lang.RuntimeException" message="Time Bomb!">
      <![CDATA[java.lang.RuntimeException: Time Bomb!
	at org.uncommons.reportng.ChronologyTest.sleepAfter(ChronologyTest.java:129)
	at java.util.concurrent.ThreadPoolExecutor$Worker.runTask(ThreadPoolExecutor.java:886)
	at java.util.concurrent.ThreadPoolExecutor$Worker.run(ThreadPoolExecutor.java:908)
	at java.lang.Thread.run(Thread.java:662)
... Removed 12 stack frames]]>
    </failure>
  </testcase>
  <testcase name="@BeforeMethod sleepBefore" time="0.0" classname="org.uncommons.reportng.ChronologyTest">
    <skipped/>
  </testcase>
  <testcase name="@AfterMethod sleepAfter" time="0.0" classname="org.uncommons.reportng.ChronologyTest">
    <skipped/>
  </testcase>
  <testcase name="@BeforeMethod sleepBefore" time="0.0" classname="org.uncommons.reportng.ChronologyTest">
    <skipped/>
  </testcase>
  <testcase name="@AfterMethod sleepAfter" time="0.0" classname="org.uncommons.reportng.ChronologyTest">
    <skipped/>
  </testcase>
  <testcase name="@BeforeMethod sleepBefore" time="0.0" classname="org.uncommons.reportng.ChronologyTest">
    <skipped/>
  </testcase>
  <testcase name="@AfterMethod sleepAfter" time="0.0" classname="org.uncommons.reportng.ChronologyTest">
    <skipped/>
  </testcase>
  <testcase name="testEscapeAmpersands" time="0.0070" classname="org.uncommons.reportng.ReportNGUtilsTest"/>
  <testcase name="testEscapeQuotes" time="0.0010" classname="org.uncommons.reportng.ReportNGUtilsTest"/>
  <testcase name="testEscapeSpaces" time="0.0" classname="org.uncommons.reportng.ReportNGUtilsTest"/>
  <testcase name="testEscapeTags" time="0.0" classname="org.uncommons.reportng.ReportNGUtilsTest"/>
  <testcase name="testDefaultLocale" time="0.0010" classname="org.uncommons.reportng.ReportMetadataTest"/>
  <testcase name="testLocaleLanguageAndCountry" time="0.0030" classname="org.uncommons.reportng.ReportMetadataTest"/>
  <testcase name="testLocaleLanguageCountryAndVariant" time="0.0020" classname="org.uncommons.reportng.ReportMetadataTest"/>
  <testcase name="testLocaleLanguageOnly" time="0.0020" classname="org.uncommons.reportng.ReportMetadataTest"/>
  <testcase name="testGetAverageTestDuration" time="0.14" classname="org.uncommons.reportng.ChronologyTest"/>
  <testcase name="testGetDuration" time="0.011" classname="org.uncommons.reportng.ChronologyTest"/>
  <testcase name="testGetPreceedingMethod" time="0.0010" classname="org.uncommons.reportng.ChronologyTest">
    <skipped/>
  </testcase>
  <testcase name="testThreadCountWhenMoreThanOne" time="0.0" classname="org.uncommons.reportng.ChronologyTest">
    <skipped/>
  </testcase>
  <testcase name="testThreadCountWhenOnlyOne" time="0.0010" classname="org.uncommons.reportng.ChronologyTest">
    <skipped/>
  </testcase>
</testsuite>
