<?xml version="1.0" encoding="UTF-8"?>
<!-- Generated by org.testng.reporters.JUnitXMLReporter -->
<testsuite hostname="zurich" name="Command line test" tests="21" failures="0" timestamp="9 Mar 2012 03:09:12 GMT" time="0.194" errors="0">
  <testcase name="testGetAverageTestDuration" time="0.143" classname="org.uncommons.reportng.ChronologyTest"/>
  <testcase name="testGetDuration" time="0.0040" classname="org.uncommons.reportng.ChronologyTest"/>
  <testcase name="testGetPreceedingMethod" time="0.0030" classname="org.uncommons.reportng.ChronologyTest"/>
  <testcase name="testGetTotalDuration" time="0.0020" classname="org.uncommons.reportng.ChronologyTest"/>
  <testcase name="testThreadCountWhenMoreThanOne" time="0.0010" classname="org.uncommons.reportng.ChronologyTest"/>
  <testcase name="testThreadCountWhenOnlyOne" time="0.0010" classname="org.uncommons.reportng.ChronologyTest"/>
  <testcase name="testProvider" time="0.0010" classname="org.uncommons.reportng.sample.DataProviderTest"/>
  <testcase name="testProvider" time="0.0" classname="org.uncommons.reportng.sample.DataProviderTest"/>
  <testcase name="testProvider" time="0.0" classname="org.uncommons.reportng.sample.DataProviderTest"/>
  <testcase name="testProvider2" time="0.0" classname="org.uncommons.reportng.sample.DataProviderTest"/>
  <testcase name="testProvider2" time="0.0" classname="org.uncommons.reportng.sample.DataProviderTest"/>
  <testcase name="testProvider2" time="0.0" classname="org.uncommons.reportng.sample.DataProviderTest"/>
  <testcase name="NamedTest" time="0.0" classname="org.uncommons.reportng.sample.NamedTest"/>
  <testcase name="testDefaultLocale" time="0.0060" classname="org.uncommons.reportng.ReportMetadataTest"/>
  <testcase name="testLocaleLanguageAndCountry" time="0.0010" classname="org.uncommons.reportng.ReportMetadataTest"/>
  <testcase name="testLocaleLanguageCountryAndVariant" time="0.0" classname="org.uncommons.reportng.ReportMetadataTest"/>
  <testcase name="testLocaleLanguageOnly" time="0.0010" classname="org.uncommons.reportng.ReportMetadataTest"/>
  <testcase name="testEscapeAmpersands" time="0.0010" classname="org.uncommons.reportng.ReportNGUtilsTest"/>
  <testcase name="testEscapeQuotes" time="0.0010" classname="org.uncommons.reportng.ReportNGUtilsTest"/>
  <testcase name="testEscapeSpaces" time="0.0010" classname="org.uncommons.reportng.ReportNGUtilsTest"/>
  <testcase name="testEscapeTags" time="0.0010" classname="org.uncommons.reportng.ReportNGUtilsTest"/>
</testsuite> <!-- Command line test -->
